<?xml version="1.0" encoding="UTF-8"?>
<testsuite xmlns:xsi="http://www.w3.org/2001/XMLSchema-instance" xsi:noNamespaceSchemaLocation="https://maven.apache.org/surefire/maven-surefire-plugin/xsd/surefire-test-report-3.0.xsd" version="3.0" name="com.food.delivery.app.order.query.OrderCreatedTest" time="34.258" tests="1" errors="0" skipped="0" failures="0">
  <properties>
[...]
</properties>
  <testcase name="testOrderCreatedEvent" classname="com.food.delivery.app.order.query.OrderCreatedTest" time="2.045">
    <system-out><![CDATA[18:35:03.725 [main] INFO org.springframework.test.context.support.AnnotationConfigContextLoaderUtils -- Could not detect default configuration classes for test class [com.food.delivery.app.order.query.OrderCreatedTest]: OrderCreatedTest does not declare any static, non-private, non-final, nested classes annotated with @Configuration.
18:35:03.846 [main] INFO org.springframework.boot.test.context.SpringBootTestContextBootstrapper -- Found @SpringBootConfiguration com.food.delivery.app.order.query.OrderQueryApplication for test class com.food.delivery.app.order.query.OrderCreatedTest
18:35:04.008 [main] INFO org.testcontainers.images.PullPolicy -- Image pull policy will be performed by: DefaultPullPolicy()
18:35:04.011 [main] INFO org.testcontainers.utility.ImageNameSubstitutor -- Image name substitution will be performed by: DefaultImageNameSubstitutor (composite of 'ConfigurationFileImageNameSubstitutor' and 'PrefixingImageNameSubstitutor')
18:35:04.045 [main] INFO org.testcontainers.DockerClientFactory -- Testcontainers version: 1.20.0
18:35:04.297 [main] INFO org.testcontainers.dockerclient.DockerClientProviderStrategy -- Loaded org.testcontainers.dockerclient.UnixSocketClientProviderStrategy from ~/.testcontainers.properties, will try it first
18:35:04.567 [main] INFO org.testcontainers.dockerclient.DockerClientProviderStrategy -- Found Docker environment with local Unix socket (unix:///var/run/docker.sock)
18:35:04.569 [main] INFO org.testcontainers.DockerClientFactory -- Docker host IP address is localhost
18:35:04.586 [main] INFO org.testcontainers.DockerClientFactory -- Connected to docker: 
  Server Version: 24.0.7
  API Version: 1.43
  Operating System: Linux Mint 21.2
  Total Memory: 15611 MB
18:35:04.718 [main] INFO tc.testcontainers/ryuk:0.8.1 -- Creating container for image: testcontainers/ryuk:0.8.1
18:35:04.892 [main] INFO tc.testcontainers/ryuk:0.8.1 -- Container testcontainers/ryuk:0.8.1 is starting: b12aaa6a68f43a80e83d42327618a61caae8e85eddb89546aaf8f6c17197dcc8
18:35:05.241 [main] INFO tc.testcontainers/ryuk:0.8.1 -- Container testcontainers/ryuk:0.8.1 started in PT0.522917888S
18:35:05.248 [main] INFO org.testcontainers.utility.RyukResourceReaper -- Ryuk started - will monitor and terminate Testcontainers containers on JVM exit
18:35:05.249 [main] INFO org.testcontainers.DockerClientFactory -- Checking the system...
18:35:05.249 [main] INFO org.testcontainers.DockerClientFactory -- ✔︎ Docker server version should be at least 1.6.0
18:35:05.250 [main] INFO tc.docker.elastic.co/elasticsearch/elasticsearch:8.7.0 -- Creating container for image: docker.elastic.co/elasticsearch/elasticsearch:8.7.0
18:35:05.252 [main] WARN tc.docker.elastic.co/elasticsearch/elasticsearch:8.7.0 -- Reuse was requested but the environment does not support the reuse of containers
To enable reuse of containers, you must set 'testcontainers.reuse.enable=true' in a file located at /home/mustardpenguin/.testcontainers.properties
18:35:05.334 [main] INFO tc.docker.elastic.co/elasticsearch/elasticsearch:8.7.0 -- Container docker.elastic.co/elasticsearch/elasticsearch:8.7.0 is starting: cbfcdcda35d1952c4cb4e5182e546adb74089050763cee00c3fa464f6333d26c
18:35:28.203 [main] INFO tc.docker.elastic.co/elasticsearch/elasticsearch:8.7.0 -- Container docker.elastic.co/elasticsearch/elasticsearch:8.7.0 started in PT22.953201455S

  .   ____          _            __ _ _
 /\\ / ___'_ __ _ _(_)_ __  __ _ \ \ \ \
( ( )\___ | '_ | '_| | '_ \/ _` | \ \ \ \
 \\/  ___)| |_)| | | | | || (_| |  ) ) ) )
  '  |____| .__|_| |_|_| |_\__, | / / / /
 =========|_|==============|___/=/_/_/_/
 :: Spring Boot ::                (v3.2.5)

2024-11-06T18:35:28.702-05:00  INFO 87268 --- [order-service-query] [           main] c.f.d.app.order.query.OrderCreatedTest   : Starting OrderCreatedTest using Java 17.0.9 with PID 87268 (started by mustardpenguin in /home/mustardpenguin/repos/food-delivery-app/food-delivery-app-backend/java/order-service/order-query)
2024-11-06T18:35:28.704-05:00  INFO 87268 --- [order-service-query] [           main] c.f.d.app.order.query.OrderCreatedTest   : No active profile set, falling back to 1 default profile: "default"
2024-11-06T18:35:30.613-05:00  INFO 87268 --- [order-service-query] [           main] .s.d.r.c.RepositoryConfigurationDelegate : Bootstrapping Spring Data Elasticsearch repositories in DEFAULT mode.
2024-11-06T18:35:30.697-05:00  INFO 87268 --- [order-service-query] [           main] .s.d.r.c.RepositoryConfigurationDelegate : Finished Spring Data repository scanning in 80 ms. Found 1 Elasticsearch repository interface.
2024-11-06T18:35:30.706-05:00  INFO 87268 --- [order-service-query] [           main] .s.d.r.c.RepositoryConfigurationDelegate : Bootstrapping Spring Data Reactive Elasticsearch repositories in DEFAULT mode.
2024-11-06T18:35:30.716-05:00  INFO 87268 --- [order-service-query] [           main] .s.d.r.c.RepositoryConfigurationDelegate : Finished Spring Data repository scanning in 9 ms. Found 0 Reactive Elasticsearch repository interfaces.
2024-11-06T18:35:33.904-05:00  WARN 87268 --- [order-service-query] [           main] .s.s.UserDetailsServiceAutoConfiguration : 

Using generated security password: 716e6999-47c0-40cd-815b-27dba8b8b010

This generated password is for development use only. Your security configuration must be updated before running your application in production.

2024-11-06T18:35:34.031-05:00  INFO 87268 --- [order-service-query] [           main] o.s.b.a.e.web.EndpointLinksResolver      : Exposing 13 endpoint(s) beneath base path '/actuator'
2024-11-06T18:35:34.057-05:00  INFO 87268 --- [order-service-query] [           main] o.s.s.web.DefaultSecurityFilterChain     : Will secure any request with [org.springframework.security.web.session.DisableEncodeUrlFilter@458704ee, org.springframework.security.web.context.request.async.WebAsyncManagerIntegrationFilter@45b2d17b, org.springframework.security.web.context.SecurityContextHolderFilter@6e149395, org.springframework.security.web.header.HeaderWriterFilter@39b9dc35, org.springframework.web.filter.CorsFilter@5243d730, org.springframework.security.web.csrf.CsrfFilter@1dc2c13c, org.springframework.security.web.authentication.logout.LogoutFilter@669469c9, org.springframework.security.web.authentication.UsernamePasswordAuthenticationFilter@1d51b6a8, org.springframework.security.web.authentication.ui.DefaultLoginPageGeneratingFilter@3f2169e9, org.springframework.security.web.authentication.ui.DefaultLogoutPageGeneratingFilter@15afebcc, org.springframework.security.web.authentication.www.BasicAuthenticationFilter@38b7004d, org.springframework.security.web.savedrequest.RequestCacheAwareFilter@6cfac0bd, org.springframework.security.web.servletapi.SecurityContextHolderAwareRequestFilter@549debdb, org.springframework.security.web.authentication.AnonymousAuthenticationFilter@68722de3, org.springframework.security.web.access.ExceptionTranslationFilter@f4c3e9, org.springframework.security.web.access.intercept.AuthorizationFilter@1771d6a5]
2024-11-06T18:35:34.501-05:00  INFO 87268 --- [order-service-query] [           main] o.a.k.clients.consumer.ConsumerConfig    : ConsumerConfig values: 
	allow.auto.create.topics = true
	auto.commit.interval.ms = 5000
	auto.include.jmx.reporter = true
	auto.offset.reset = latest
	bootstrap.servers = [localhost:19092, localhost:29092, localhost:39092]
	check.crcs = true
	client.dns.lookup = use_all_dns_ips
	client.id = consumer-order-query-1
	client.rack = 
	connections.max.idle.ms = 540000
	default.api.timeout.ms = 60000
	enable.auto.commit = false
	exclude.internal.topics = true
	fetch.max.bytes = 52428800
	fetch.max.wait.ms = 500
	fetch.min.bytes = 1
	group.id = order-query
	group.instance.id = null
	heartbeat.interval.ms = 3000
	interceptor.classes = []
	internal.leave.group.on.close = true
	internal.throw.on.fetch.stable.offset.unsupported = false
	isolation.level = read_uncommitted
	key.deserializer = class org.apache.kafka.common.serialization.StringDeserializer
	max.partition.fetch.bytes = 1048576
	max.poll.interval.ms = 300000
	max.poll.records = 500
	metadata.max.age.ms = 300000
	metric.reporters = []
	metrics.num.samples = 2
	metrics.recording.level = INFO
	metrics.sample.window.ms = 30000
	partition.assignment.strategy = [class org.apache.kafka.clients.consumer.RangeAssignor, class org.apache.kafka.clients.consumer.CooperativeStickyAssignor]
	receive.buffer.bytes = 65536
	reconnect.backoff.max.ms = 1000
	reconnect.backoff.ms = 50
	request.timeout.ms = 30000
	retry.backoff.ms = 100
	sasl.client.callback.handler.class = null
	sasl.jaas.config = null
	sasl.kerberos.kinit.cmd = /usr/bin/kinit
	sasl.kerberos.min.time.before.relogin = 60000
	sasl.kerberos.service.name = null
	sasl.kerberos.ticket.renew.jitter = 0.05
	sasl.kerberos.ticket.renew.window.factor = 0.8
	sasl.login.callback.handler.class = null
	sasl.login.class = null
	sasl.login.connect.timeout.ms = null
	sasl.login.read.timeout.ms = null
	sasl.login.refresh.buffer.seconds = 300
	sasl.login.refresh.min.period.seconds = 60
	sasl.login.refresh.window.factor = 0.8
	sasl.login.refresh.window.jitter = 0.05
	sasl.login.retry.backoff.max.ms = 10000
	sasl.login.retry.backoff.ms = 100
	sasl.mechanism = GSSAPI
	sasl.oauthbearer.clock.skew.seconds = 30
	sasl.oauthbearer.expected.audience = null
	sasl.oauthbearer.expected.issuer = null
	sasl.oauthbearer.jwks.endpoint.refresh.ms = 3600000
	sasl.oauthbearer.jwks.endpoint.retry.backoff.max.ms = 10000
	sasl.oauthbearer.jwks.endpoint.retry.backoff.ms = 100
	sasl.oauthbearer.jwks.endpoint.url = null
	sasl.oauthbearer.scope.claim.name = scope
	sasl.oauthbearer.sub.claim.name = sub
	sasl.oauthbearer.token.endpoint.url = null
	security.protocol = PLAINTEXT
	security.providers = null
	send.buffer.bytes = 131072
	session.timeout.ms = 45000
	socket.connection.setup.timeout.max.ms = 30000
	socket.connection.setup.timeout.ms = 10000
	ssl.cipher.suites = null
	ssl.enabled.protocols = [TLSv1.2, TLSv1.3]
	ssl.endpoint.identification.algorithm = https
	ssl.engine.factory.class = null
	ssl.key.password = null
	ssl.keymanager.algorithm = SunX509
	ssl.keystore.certificate.chain = null
	ssl.keystore.key = null
	ssl.keystore.location = null
	ssl.keystore.password = null
	ssl.keystore.type = JKS
	ssl.protocol = TLSv1.3
	ssl.provider = null
	ssl.secure.random.implementation = null
	ssl.trustmanager.algorithm = PKIX
	ssl.truststore.certificates = null
	ssl.truststore.location = null
	ssl.truststore.password = null
	ssl.truststore.type = JKS
	value.deserializer = class io.confluent.kafka.serializers.KafkaAvroDeserializer

2024-11-06T18:35:34.733-05:00  INFO 87268 --- [order-service-query] [           main] i.c.k.s.KafkaAvroDeserializerConfig      : KafkaAvroDeserializerConfig values: 
	auto.register.schemas = true
	avro.reflection.allow.null = false
	avro.use.logical.type.converters = false
	basic.auth.credentials.source = URL
	basic.auth.user.info = [hidden]
	bearer.auth.cache.expiry.buffer.seconds = 300
	bearer.auth.client.id = null
	bearer.auth.client.secret = null
	bearer.auth.credentials.source = STATIC_TOKEN
	bearer.auth.custom.provider.class = null
	bearer.auth.identity.pool.id = null
	bearer.auth.issuer.endpoint.url = null
	bearer.auth.logical.cluster = null
	bearer.auth.scope = null
	bearer.auth.scope.claim.name = scope
	bearer.auth.sub.claim.name = sub
	bearer.auth.token = [hidden]
	context.name.strategy = class io.confluent.kafka.serializers.context.NullContextNameStrategy
	http.connect.timeout.ms = 60000
	http.read.timeout.ms = 60000
	id.compatibility.strict = true
	key.subject.name.strategy = class io.confluent.kafka.serializers.subject.TopicNameStrategy
	latest.cache.size = 1000
	latest.cache.ttl.sec = -1
	latest.compatibility.strict = true
	max.schemas.per.subject = 1000
	normalize.schemas = false
	proxy.host = 
	proxy.port = -1
	rule.actions = []
	rule.executors = []
	rule.service.loader.enable = true
	schema.format = null
	schema.reflection = false
	schema.registry.basic.auth.user.info = [hidden]
	schema.registry.ssl.cipher.suites = null
	schema.registry.ssl.enabled.protocols = [TLSv1.2, TLSv1.3]
	schema.registry.ssl.endpoint.identification.algorithm = https
	schema.registry.ssl.engine.factory.class = null
	schema.registry.ssl.key.password = null
	schema.registry.ssl.keymanager.algorithm = SunX509
	schema.registry.ssl.keystore.certificate.chain = null
	schema.registry.ssl.keystore.key = null
	schema.registry.ssl.keystore.location = null
	schema.registry.ssl.keystore.password = null
	schema.registry.ssl.keystore.type = JKS
	schema.registry.ssl.protocol = TLSv1.3
	schema.registry.ssl.provider = null
	schema.registry.ssl.secure.random.implementation = null
	schema.registry.ssl.trustmanager.algorithm = PKIX
	schema.registry.ssl.truststore.certificates = null
	schema.registry.ssl.truststore.location = null
	schema.registry.ssl.truststore.password = null
	schema.registry.ssl.truststore.type = JKS
	schema.registry.url = [http://localhost:8081]
	specific.avro.key.type = null
	specific.avro.reader = true
	specific.avro.value.type = null
	use.latest.version = false
	use.latest.with.metadata = null
	use.schema.id = -1
	value.subject.name.strategy = class io.confluent.kafka.serializers.subject.TopicNameStrategy

2024-11-06T18:35:34.866-05:00  INFO 87268 --- [order-service-query] [           main] o.a.kafka.common.utils.AppInfoParser     : Kafka version: 3.6.2
2024-11-06T18:35:34.866-05:00  INFO 87268 --- [order-service-query] [           main] o.a.kafka.common.utils.AppInfoParser     : Kafka commitId: c4deed513057c94e
2024-11-06T18:35:34.866-05:00  INFO 87268 --- [order-service-query] [           main] o.a.kafka.common.utils.AppInfoParser     : Kafka startTimeMs: 1730936134865
2024-11-06T18:35:34.869-05:00  INFO 87268 --- [order-service-query] [           main] fkaConsumerFactory$ExtendedKafkaConsumer : [Consumer clientId=consumer-order-query-1, groupId=order-query] Subscribed to topic(s): order_created.order_command.order_created_events
2024-11-06T18:35:34.913-05:00  INFO 87268 --- [order-service-query] [           main] c.f.d.app.order.query.OrderCreatedTest   : Started OrderCreatedTest in 6.669 seconds (process running for 32.341)
2024-11-06T18:35:35.197-05:00  INFO 87268 --- [order-service-query] [ntainer#0-0-C-1] org.apache.kafka.clients.NetworkClient   : [Consumer clientId=consumer-order-query-1, groupId=order-query] Node -2 disconnected.
2024-11-06T18:35:35.200-05:00  WARN 87268 --- [order-service-query] [ntainer#0-0-C-1] org.apache.kafka.clients.NetworkClient   : [Consumer clientId=consumer-order-query-1, groupId=order-query] Connection to node -2 (localhost/127.0.0.1:29092) could not be established. Broker may not be available.
2024-11-06T18:35:35.201-05:00  WARN 87268 --- [order-service-query] [ntainer#0-0-C-1] org.apache.kafka.clients.NetworkClient   : [Consumer clientId=consumer-order-query-1, groupId=order-query] Bootstrap broker localhost:29092 (id: -2 rack: null) disconnected
2024-11-06T18:35:35.302-05:00  INFO 87268 --- [order-service-query] [ntainer#0-0-C-1] org.apache.kafka.clients.NetworkClient   : [Consumer clientId=consumer-order-query-1, groupId=order-query] Node -3 disconnected.
2024-11-06T18:35:35.302-05:00  WARN 87268 --- [order-service-query] [ntainer#0-0-C-1] org.apache.kafka.clients.NetworkClient   : [Consumer clientId=consumer-order-query-1, groupId=order-query] Connection to node -3 (localhost/127.0.0.1:39092) could not be established. Broker may not be available.
2024-11-06T18:35:35.302-05:00  WARN 87268 --- [order-service-query] [ntainer#0-0-C-1] org.apache.kafka.clients.NetworkClient   : [Consumer clientId=consumer-order-query-1, groupId=order-query] Bootstrap broker localhost:39092 (id: -3 rack: null) disconnected
2024-11-06T18:35:35.405-05:00  INFO 87268 --- [order-service-query] [ntainer#0-0-C-1] org.apache.kafka.clients.NetworkClient   : [Consumer clientId=consumer-order-query-1, groupId=order-query] Node -1 disconnected.
2024-11-06T18:35:35.406-05:00  WARN 87268 --- [order-service-query] [ntainer#0-0-C-1] org.apache.kafka.clients.NetworkClient   : [Consumer clientId=consumer-order-query-1, groupId=order-query] Connection to node -1 (localhost/127.0.0.1:19092) could not be established. Broker may not be available.
2024-11-06T18:35:35.406-05:00  WARN 87268 --- [order-service-query] [ntainer#0-0-C-1] org.apache.kafka.clients.NetworkClient   : [Consumer clientId=consumer-order-query-1, groupId=order-query] Bootstrap broker localhost:19092 (id: -1 rack: null) disconnected
2024-11-06T18:35:35.517-05:00  INFO 87268 --- [order-service-query] [ntainer#0-0-C-1] org.apache.kafka.clients.NetworkClient   : [Consumer clientId=consumer-order-query-1, groupId=order-query] Node -2 disconnected.
2024-11-06T18:35:35.517-05:00  WARN 87268 --- [order-service-query] [ntainer#0-0-C-1] org.apache.kafka.clients.NetworkClient   : [Consumer clientId=consumer-order-query-1, groupId=order-query] Connection to node -2 (localhost/127.0.0.1:29092) could not be established. Broker may not be available.
2024-11-06T18:35:35.517-05:00  WARN 87268 --- [order-service-query] [ntainer#0-0-C-1] org.apache.kafka.clients.NetworkClient   : [Consumer clientId=consumer-order-query-1, groupId=order-query] Bootstrap broker localhost:29092 (id: -2 rack: null) disconnected
2024-11-06T18:35:35.619-05:00  INFO 87268 --- [order-service-query] [ntainer#0-0-C-1] org.apache.kafka.clients.NetworkClient   : [Consumer clientId=consumer-order-query-1, groupId=order-query] Node -3 disconnected.
2024-11-06T18:35:35.619-05:00  WARN 87268 --- [order-service-query] [ntainer#0-0-C-1] org.apache.kafka.clients.NetworkClient   : [Consumer clientId=consumer-order-query-1, groupId=order-query] Connection to node -3 (localhost/127.0.0.1:39092) could not be established. Broker may not be available.
2024-11-06T18:35:35.620-05:00  WARN 87268 --- [order-service-query] [ntainer#0-0-C-1] org.apache.kafka.clients.NetworkClient   : [Consumer clientId=consumer-order-query-1, groupId=order-query] Bootstrap broker localhost:39092 (id: -3 rack: null) disconnected
2024-11-06T18:35:35.721-05:00  INFO 87268 --- [order-service-query] [ntainer#0-0-C-1] org.apache.kafka.clients.NetworkClient   : [Consumer clientId=consumer-order-query-1, groupId=order-query] Node -1 disconnected.
2024-11-06T18:35:35.722-05:00  WARN 87268 --- [order-service-query] [ntainer#0-0-C-1] org.apache.kafka.clients.NetworkClient   : [Consumer clientId=consumer-order-query-1, groupId=order-query] Connection to node -1 (localhost/127.0.0.1:19092) could not be established. Broker may not be available.
2024-11-06T18:35:35.722-05:00  WARN 87268 --- [order-service-query] [ntainer#0-0-C-1] org.apache.kafka.clients.NetworkClient   : [Consumer clientId=consumer-order-query-1, groupId=order-query] Bootstrap broker localhost:19092 (id: -1 rack: null) disconnected
2024-11-06T18:35:35.822-05:00  INFO 87268 --- [order-service-query] [ntainer#0-0-C-1] org.apache.kafka.clients.NetworkClient   : [Consumer clientId=consumer-order-query-1, groupId=order-query] Node -2 disconnected.
2024-11-06T18:35:35.823-05:00  WARN 87268 --- [order-service-query] [ntainer#0-0-C-1] org.apache.kafka.clients.NetworkClient   : [Consumer clientId=consumer-order-query-1, groupId=order-query] Connection to node -2 (localhost/127.0.0.1:29092) could not be established. Broker may not be available.
2024-11-06T18:35:35.824-05:00  WARN 87268 --- [order-service-query] [ntainer#0-0-C-1] org.apache.kafka.clients.NetworkClient   : [Consumer clientId=consumer-order-query-1, groupId=order-query] Bootstrap broker localhost:29092 (id: -2 rack: null) disconnected
2024-11-06T18:35:35.924-05:00  INFO 87268 --- [order-service-query] [ntainer#0-0-C-1] org.apache.kafka.clients.NetworkClient   : [Consumer clientId=consumer-order-query-1, groupId=order-query] Node -3 disconnected.
2024-11-06T18:35:35.925-05:00  WARN 87268 --- [order-service-query] [ntainer#0-0-C-1] org.apache.kafka.clients.NetworkClient   : [Consumer clientId=consumer-order-query-1, groupId=order-query] Connection to node -3 (localhost/127.0.0.1:39092) could not be established. Broker may not be available.
2024-11-06T18:35:35.925-05:00  WARN 87268 --- [order-service-query] [ntainer#0-0-C-1] org.apache.kafka.clients.NetworkClient   : [Consumer clientId=consumer-order-query-1, groupId=order-query] Bootstrap broker localhost:39092 (id: -3 rack: null) disconnected
2024-11-06T18:35:36.033-05:00  INFO 87268 --- [order-service-query] [ntainer#0-0-C-1] org.apache.kafka.clients.NetworkClient   : [Consumer clientId=consumer-order-query-1, groupId=order-query] Node -1 disconnected.
2024-11-06T18:35:36.033-05:00  WARN 87268 --- [order-service-query] [ntainer#0-0-C-1] org.apache.kafka.clients.NetworkClient   : [Consumer clientId=consumer-order-query-1, groupId=order-query] Connection to node -1 (localhost/127.0.0.1:19092) could not be established. Broker may not be available.
2024-11-06T18:35:36.033-05:00  WARN 87268 --- [order-service-query] [ntainer#0-0-C-1] org.apache.kafka.clients.NetworkClient   : [Consumer clientId=consumer-order-query-1, groupId=order-query] Bootstrap broker localhost:19092 (id: -1 rack: null) disconnected
2024-11-06T18:35:36.135-05:00  INFO 87268 --- [order-service-query] [ntainer#0-0-C-1] org.apache.kafka.clients.NetworkClient   : [Consumer clientId=consumer-order-query-1, groupId=order-query] Node -2 disconnected.
2024-11-06T18:35:36.136-05:00  WARN 87268 --- [order-service-query] [ntainer#0-0-C-1] org.apache.kafka.clients.NetworkClient   : [Consumer clientId=consumer-order-query-1, groupId=order-query] Connection to node -2 (localhost/127.0.0.1:29092) could not be established. Broker may not be available.
2024-11-06T18:35:36.136-05:00  WARN 87268 --- [order-service-query] [ntainer#0-0-C-1] org.apache.kafka.clients.NetworkClient   : [Consumer clientId=consumer-order-query-1, groupId=order-query] Bootstrap broker localhost:29092 (id: -2 rack: null) disconnected
2024-11-06T18:35:36.237-05:00  INFO 87268 --- [order-service-query] [ntainer#0-0-C-1] org.apache.kafka.clients.NetworkClient   : [Consumer clientId=consumer-order-query-1, groupId=order-query] Node -3 disconnected.
2024-11-06T18:35:36.237-05:00  WARN 87268 --- [order-service-query] [ntainer#0-0-C-1] org.apache.kafka.clients.NetworkClient   : [Consumer clientId=consumer-order-query-1, groupId=order-query] Connection to node -3 (localhost/127.0.0.1:39092) could not be established. Broker may not be available.
2024-11-06T18:35:36.238-05:00  WARN 87268 --- [order-service-query] [ntainer#0-0-C-1] org.apache.kafka.clients.NetworkClient   : [Consumer clientId=consumer-order-query-1, groupId=order-query] Bootstrap broker localhost:39092 (id: -3 rack: null) disconnected
2024-11-06T18:35:36.338-05:00  INFO 87268 --- [order-service-query] [ntainer#0-0-C-1] org.apache.kafka.clients.NetworkClient   : [Consumer clientId=consumer-order-query-1, groupId=order-query] Node -1 disconnected.
2024-11-06T18:35:36.339-05:00  WARN 87268 --- [order-service-query] [ntainer#0-0-C-1] org.apache.kafka.clients.NetworkClient   : [Consumer clientId=consumer-order-query-1, groupId=order-query] Connection to node -1 (localhost/127.0.0.1:19092) could not be established. Broker may not be available.
2024-11-06T18:35:36.339-05:00  WARN 87268 --- [order-service-query] [ntainer#0-0-C-1] org.apache.kafka.clients.NetworkClient   : [Consumer clientId=consumer-order-query-1, groupId=order-query] Bootstrap broker localhost:19092 (id: -1 rack: null) disconnected
2024-11-06T18:35:36.451-05:00  INFO 87268 --- [order-service-query] [           main] f.d.a.o.q.i.OrderCreatedEventHandlerImpl : Successfully saved order of id 0be02e29-0736-4141-80c4-2132acb1d2f2 from event of id ecc0ee67-2430-4367-aaa5-05b4af38527c at 2024-11-06T18:35:35.903719358
2024-11-06T18:35:36.491-05:00  INFO 87268 --- [order-service-query] [ntainer#0-0-C-1] org.apache.kafka.clients.NetworkClient   : [Consumer clientId=consumer-order-query-1, groupId=order-query] Node -2 disconnected.
2024-11-06T18:35:36.491-05:00  WARN 87268 --- [order-service-query] [ntainer#0-0-C-1] org.apache.kafka.clients.NetworkClient   : [Consumer clientId=consumer-order-query-1, groupId=order-query] Connection to node -2 (localhost/127.0.0.1:29092) could not be established. Broker may not be available.
2024-11-06T18:35:36.491-05:00  WARN 87268 --- [order-service-query] [ntainer#0-0-C-1] org.apache.kafka.clients.NetworkClient   : [Consumer clientId=consumer-order-query-1, groupId=order-query] Bootstrap broker localhost:29092 (id: -2 rack: null) disconnected
2024-11-06T18:35:36.693-05:00  INFO 87268 --- [order-service-query] [ntainer#0-0-C-1] org.apache.kafka.clients.NetworkClient   : [Consumer clientId=consumer-order-query-1, groupId=order-query] Node -3 disconnected.
2024-11-06T18:35:36.693-05:00  WARN 87268 --- [order-service-query] [ntainer#0-0-C-1] org.apache.kafka.clients.NetworkClient   : [Consumer clientId=consumer-order-query-1, groupId=order-query] Connection to node -3 (localhost/127.0.0.1:39092) could not be established. Broker may not be available.
2024-11-06T18:35:36.693-05:00  WARN 87268 --- [order-service-query] [ntainer#0-0-C-1] org.apache.kafka.clients.NetworkClient   : [Consumer clientId=consumer-order-query-1, groupId=order-query] Bootstrap broker localhost:39092 (id: -3 rack: null) disconnected
2024-11-06T18:35:36.795-05:00  INFO 87268 --- [order-service-query] [ntainer#0-0-C-1] org.apache.kafka.clients.NetworkClient   : [Consumer clientId=consumer-order-query-1, groupId=order-query] Node -1 disconnected.
2024-11-06T18:35:36.795-05:00  WARN 87268 --- [order-service-query] [ntainer#0-0-C-1] org.apache.kafka.clients.NetworkClient   : [Consumer clientId=consumer-order-query-1, groupId=order-query] Connection to node -1 (localhost/127.0.0.1:19092) could not be established. Broker may not be available.
2024-11-06T18:35:36.796-05:00  WARN 87268 --- [order-service-query] [ntainer#0-0-C-1] org.apache.kafka.clients.NetworkClient   : [Consumer clientId=consumer-order-query-1, groupId=order-query] Bootstrap broker localhost:19092 (id: -1 rack: null) disconnected
]]></system-out>
  </testcase>
</testsuite>