<?xml version="1.0" encoding="UTF-8"?>
<testsuite xmlns:xsi="http://www.w3.org/2001/XMLSchema-instance" xsi:noNamespaceSchemaLocation="https://maven.apache.org/surefire/maven-surefire-plugin/xsd/surefire-test-report-3.0.xsd" version="3.0" name="com.food.delivery.app.api.gateway.tests.ApiGatewayTest" time="46.363" tests="3" errors="0" skipped="0" failures="0">
  <properties>
[...]
</properties>
  <testcase name="testRedirect" classname="com.food.delivery.app.api.gateway.tests.ApiGatewayTest" time="1.098">
    <system-out><![CDATA[18:45:07.982 [main] INFO org.springframework.test.context.support.AnnotationConfigContextLoaderUtils -- Could not detect default configuration classes for test class [com.food.delivery.app.api.gateway.tests.ApiGatewayTest]: ApiGatewayTest does not declare any static, non-private, non-final, nested classes annotated with @Configuration.
18:45:08.158 [main] INFO org.springframework.boot.test.context.SpringBootTestContextBootstrapper -- Found @SpringBootConfiguration com.food.delivery.app.api.gateway.ApiGatewayApplication for test class com.food.delivery.app.api.gateway.tests.ApiGatewayTest
18:45:08.284 [main] INFO org.testcontainers.images.PullPolicy -- Image pull policy will be performed by: DefaultPullPolicy()
18:45:08.289 [main] INFO org.testcontainers.utility.ImageNameSubstitutor -- Image name substitution will be performed by: DefaultImageNameSubstitutor (composite of 'ConfigurationFileImageNameSubstitutor' and 'PrefixingImageNameSubstitutor')
18:45:08.333 [main] INFO org.testcontainers.DockerClientFactory -- Testcontainers version: 1.20.0
18:45:08.587 [main] INFO org.testcontainers.dockerclient.DockerClientProviderStrategy -- Loaded org.testcontainers.dockerclient.UnixSocketClientProviderStrategy from ~/.testcontainers.properties, will try it first
18:45:08.873 [main] INFO org.testcontainers.dockerclient.DockerClientProviderStrategy -- Found Docker environment with local Unix socket (unix:///var/run/docker.sock)
18:45:08.875 [main] INFO org.testcontainers.DockerClientFactory -- Docker host IP address is localhost
18:45:08.893 [main] INFO org.testcontainers.DockerClientFactory -- Connected to docker: 
  Server Version: 24.0.7
  API Version: 1.43
  Operating System: Linux Mint 21.2
  Total Memory: 15611 MB
18:45:09.007 [main] INFO tc.testcontainers/ryuk:0.8.1 -- Creating container for image: testcontainers/ryuk:0.8.1
18:45:09.144 [main] INFO tc.testcontainers/ryuk:0.8.1 -- Container testcontainers/ryuk:0.8.1 is starting: 4605f9ef45a59277cc23c09d5f532861d232454c5abbfafe96fee258c89d4175
18:45:09.496 [main] INFO tc.testcontainers/ryuk:0.8.1 -- Container testcontainers/ryuk:0.8.1 started in PT0.488970018S
18:45:09.514 [main] INFO org.testcontainers.utility.RyukResourceReaper -- Ryuk started - will monitor and terminate Testcontainers containers on JVM exit
18:45:09.515 [main] INFO org.testcontainers.DockerClientFactory -- Checking the system...
18:45:09.515 [main] INFO org.testcontainers.DockerClientFactory -- ✔︎ Docker server version should be at least 1.6.0
18:45:09.525 [main] INFO tc.quay.io/keycloak/keycloak:26.0 -- Creating container for image: quay.io/keycloak/keycloak:26.0
18:45:09.612 [main] INFO tc.quay.io/keycloak/keycloak:26.0 -- Container quay.io/keycloak/keycloak:26.0 is starting: 77472f14f60aa1227f54e009afaa01606079392d3fc9c15958d9f71498a4aa02
18:45:10.025 [main] INFO org.testcontainers.containers.wait.strategy.HttpWaitStrategy -- /elated_elbakyan: Waiting for 120 seconds for URL: http://localhost:32840/health/started (where port 32840 maps to container port 9000)
18:45:10.098 [docker-java-stream-1315534155] INFO tc.quay.io/keycloak/keycloak:26.0 -- STDOUT: JAVA_OPTS_KC_HEAP already set in environment; overriding default settings
18:45:12.177 [docker-java-stream-1315534155] INFO tc.quay.io/keycloak/keycloak:26.0 -- STDOUT: Updating the configuration and installing your custom providers, if any. Please wait.
18:45:16.906 [docker-java-stream-1315534155] INFO tc.quay.io/keycloak/keycloak:26.0 -- STDOUT: 2024-10-16 22:45:12,176 WARN  [org.key.qua.run.cli.Picocli] (main) The following run time options were found, but will be ignored during build time: kc.spi-theme-static-max-age, kc.spi-theme-cache-templates, kc.spi-theme-cache-themes
18:45:16.906 [docker-java-stream-1315534155] INFO tc.quay.io/keycloak/keycloak:26.0 -- STDOUT: 
18:45:23.766 [docker-java-stream-1315534155] INFO tc.quay.io/keycloak/keycloak:26.0 -- STDOUT: 2024-10-16 22:45:23,765 INFO  [io.qua.dep.QuarkusAugmentor] (main) Quarkus augmentation completed in 10396ms
18:45:28.403 [docker-java-stream-1315534155] INFO tc.quay.io/keycloak/keycloak:26.0 -- STDOUT: 2024-10-16 22:45:25,041 WARN  [org.keycloak.quarkus.runtime.cli.Picocli] (main) The following run time options were found, but will be ignored during build time: kc.spi-theme-static-max-age, kc.spi-theme-cache-templates, kc.spi-theme-cache-themes
18:45:28.403 [docker-java-stream-1315534155] INFO tc.quay.io/keycloak/keycloak:26.0 -- STDOUT: 
18:45:28.446 [docker-java-stream-1315534155] INFO tc.quay.io/keycloak/keycloak:26.0 -- STDOUT: 2024-10-16 22:45:28,445 INFO  [org.keycloak.quarkus.runtime.storage.infinispan.CacheManagerFactory] (main) Starting Infinispan embedded cache manager
18:45:28.653 [docker-java-stream-1315534155] INFO tc.quay.io/keycloak/keycloak:26.0 -- STDOUT: 2024-10-16 22:45:28,652 INFO  [org.keycloak.quarkus.runtime.storage.infinispan.CacheManagerFactory] (main) Persistent user sessions enabled and no memory limit found in configuration. Setting max entries for sessions to 10000 entries.
18:45:28.654 [docker-java-stream-1315534155] INFO tc.quay.io/keycloak/keycloak:26.0 -- STDOUT: 2024-10-16 22:45:28,653 INFO  [org.keycloak.quarkus.runtime.storage.infinispan.CacheManagerFactory] (main) Persistent user sessions enabled and no memory limit found in configuration. Setting max entries for clientSessions to 10000 entries.
18:45:28.654 [docker-java-stream-1315534155] INFO tc.quay.io/keycloak/keycloak:26.0 -- STDOUT: 2024-10-16 22:45:28,653 INFO  [org.keycloak.quarkus.runtime.storage.infinispan.CacheManagerFactory] (main) Persistent user sessions enabled and no memory limit found in configuration. Setting max entries for offlineSessions to 10000 entries.
18:45:28.655 [docker-java-stream-1315534155] INFO tc.quay.io/keycloak/keycloak:26.0 -- STDOUT: 2024-10-16 22:45:28,653 INFO  [org.keycloak.quarkus.runtime.storage.infinispan.CacheManagerFactory] (main) Persistent user sessions enabled and no memory limit found in configuration. Setting max entries for offlineClientSessions to 10000 entries.
18:45:29.176 [docker-java-stream-1315534155] INFO tc.quay.io/keycloak/keycloak:26.0 -- STDOUT: 2024-10-16 22:45:29,175 INFO  [org.infinispan.CONTAINER] (ForkJoinPool.commonPool-worker-1) ISPN000556: Starting user marshaller 'org.infinispan.commons.marshall.ImmutableProtoStreamMarshaller'
18:45:30.082 [docker-java-stream-1315534155] INFO tc.quay.io/keycloak/keycloak:26.0 -- STDOUT: 2024-10-16 22:45:30,081 INFO  [org.keycloak.broker.provider.AbstractIdentityProviderMapper] (main) Registering class org.keycloak.broker.provider.mappersync.ConfigSyncEventListener
18:45:31.409 [docker-java-stream-1315534155] INFO tc.quay.io/keycloak/keycloak:26.0 -- STDOUT: 2024-10-16 22:45:31,408 INFO  [org.keycloak.quarkus.runtime.storage.database.liquibase.QuarkusJpaUpdaterProvider] (main) Initializing database schema. Using changelog META-INF/jpa-changelog-master.xml
18:45:35.561 [docker-java-stream-1315534155] INFO tc.quay.io/keycloak/keycloak:26.0 -- STDOUT: 
18:45:35.562 [docker-java-stream-1315534155] INFO tc.quay.io/keycloak/keycloak:26.0 -- STDOUT: UPDATE SUMMARY
18:45:35.562 [docker-java-stream-1315534155] INFO tc.quay.io/keycloak/keycloak:26.0 -- STDOUT: Run:                        144
18:45:35.562 [docker-java-stream-1315534155] INFO tc.quay.io/keycloak/keycloak:26.0 -- STDOUT: Previously run:               0
18:45:35.563 [docker-java-stream-1315534155] INFO tc.quay.io/keycloak/keycloak:26.0 -- STDOUT: Filtered out:                 0
18:45:35.563 [docker-java-stream-1315534155] INFO tc.quay.io/keycloak/keycloak:26.0 -- STDOUT: -------------------------------
18:45:35.563 [docker-java-stream-1315534155] INFO tc.quay.io/keycloak/keycloak:26.0 -- STDOUT: Total change sets:          144
18:45:35.563 [docker-java-stream-1315534155] INFO tc.quay.io/keycloak/keycloak:26.0 -- STDOUT: 
18:45:35.587 [docker-java-stream-1315534155] INFO tc.quay.io/keycloak/keycloak:26.0 -- STDOUT: 2024-10-16 22:45:35,586 WARN  [io.agroal.pool] (main) Datasource '<default>': JDBC resources leaked: 1 ResultSet(s) and 0 Statement(s)
18:45:36.084 [docker-java-stream-1315534155] INFO tc.quay.io/keycloak/keycloak:26.0 -- STDOUT: 2024-10-16 22:45:36,083 INFO  [org.keycloak.connections.infinispan.DefaultInfinispanConnectionProviderFactory] (main) Node name: node_40545, Site name: null
18:45:36.875 [docker-java-stream-1315534155] INFO tc.quay.io/keycloak/keycloak:26.0 -- STDOUT: 2024-10-16 22:45:36,874 INFO  [org.keycloak.exportimport.dir.DirImportProvider] (main) Importing from directory /opt/keycloak/bin/../data/import
18:45:36.880 [docker-java-stream-1315534155] INFO tc.quay.io/keycloak/keycloak:26.0 -- STDOUT: 2024-10-16 22:45:36,880 INFO  [org.keycloak.services] (main) KC-SERVICES0050: Initializing master realm
18:45:39.890 [docker-java-stream-1315534155] INFO tc.quay.io/keycloak/keycloak:26.0 -- STDOUT: 2024-10-16 22:45:39,889 INFO  [org.keycloak.exportimport.singlefile.SingleFileImportProvider] (main) Full importing from file /opt/keycloak/bin/../data/import/realm-export.json
18:45:44.942 [docker-java-stream-1315534155] INFO tc.quay.io/keycloak/keycloak:26.0 -- STDOUT: 2024-10-16 22:45:44,941 INFO  [org.keycloak.exportimport.util.ImportUtils] (main) Realm 'food-delivery-app' imported
18:45:44.942 [docker-java-stream-1315534155] INFO tc.quay.io/keycloak/keycloak:26.0 -- STDOUT: 2024-10-16 22:45:44,941 INFO  [org.keycloak.services] (main) KC-SERVICES0030: Full model import requested. Strategy: OVERWRITE_EXISTING
18:45:44.943 [docker-java-stream-1315534155] INFO tc.quay.io/keycloak/keycloak:26.0 -- STDOUT: 2024-10-16 22:45:44,942 INFO  [org.keycloak.services] (main) KC-SERVICES0032: Import finished successfully
18:45:45.047 [docker-java-stream-1315534155] INFO tc.quay.io/keycloak/keycloak:26.0 -- STDOUT: 2024-10-16 22:45:45,046 INFO  [org.keycloak.services] (main) KC-SERVICES0077: Created temporary admin user with username admin
18:45:45.115 [docker-java-stream-1315534155] INFO tc.quay.io/keycloak/keycloak:26.0 -- STDOUT: 2024-10-16 22:45:45,114 WARN  [io.agroal.pool] (main) Datasource '<default>': JDBC resources leaked: 1 ResultSet(s) and 0 Statement(s)
18:45:45.282 [docker-java-stream-1315534155] INFO tc.quay.io/keycloak/keycloak:26.0 -- STDOUT: 2024-10-16 22:45:45,281 INFO  [io.quarkus] (main) Keycloak 26.0.0 on JVM (powered by Quarkus 3.15.1) started in 21.266s. Listening on: http://0.0.0.0:8080. Management interface listening on http://0.0.0.0:9000.
18:45:45.283 [docker-java-stream-1315534155] INFO tc.quay.io/keycloak/keycloak:26.0 -- STDOUT: 2024-10-16 22:45:45,282 INFO  [io.quarkus] (main) Profile dev activated. 
18:45:45.283 [docker-java-stream-1315534155] INFO tc.quay.io/keycloak/keycloak:26.0 -- STDOUT: 2024-10-16 22:45:45,282 INFO  [io.quarkus] (main) Installed features: [agroal, cdi, hibernate-orm, jdbc-h2, keycloak, narayana-jta, opentelemetry, reactive-routes, rest, rest-jackson, smallrye-context-propagation, smallrye-health, vertx]
18:45:45.293 [docker-java-stream-1315534155] INFO tc.quay.io/keycloak/keycloak:26.0 -- STDOUT: 2024-10-16 22:45:45,292 WARN  [org.keycloak.quarkus.runtime.KeycloakMain] (main) Running the server in development mode. DO NOT use this configuration in production.
18:45:46.277 [main] INFO tc.quay.io/keycloak/keycloak:26.0 -- Container quay.io/keycloak/keycloak:26.0 started in PT36.752312293S
18:45:46.290 [main] INFO tc.redis:latest -- Creating container for image: redis:latest
18:45:46.338 [main] INFO tc.redis:latest -- Container redis:latest is starting: 42b087473544cc35fb8fb6fe3feba420d054862f3dcee0c25424080a45fa9f19
18:45:46.741 [main] INFO tc.redis:latest -- Container redis:latest started in PT0.451161787S

  .   ____          _            __ _ _
 /\\ / ___'_ __ _ _(_)_ __  __ _ \ \ \ \
( ( )\___ | '_ | '_| | '_ \/ _` | \ \ \ \
 \\/  ___)| |_)| | | | | || (_| |  ) ) ) )
  '  |____| .__|_| |_|_| |_\__, | / / / /
 =========|_|==============|___/=/_/_/_/
 :: Spring Boot ::                (v3.1.5)

2024-10-16T18:45:47.223-04:00  INFO 65269 --- [           main] c.f.d.a.a.gateway.tests.ApiGatewayTest   : Starting ApiGatewayTest using Java 17.0.9 with PID 65269 (started by mustardpenguin in /home/mustardpenguin/repos/food-delivery-app/food-delivery-app-backend/api-gateway)
2024-10-16T18:45:47.224-04:00  INFO 65269 --- [           main] c.f.d.a.a.gateway.tests.ApiGatewayTest   : No active profile set, falling back to 1 default profile: "default"
2024-10-16T18:45:48.105-04:00  INFO 65269 --- [           main] .s.d.r.c.RepositoryConfigurationDelegate : Multiple Spring Data modules found, entering strict repository configuration mode
2024-10-16T18:45:48.108-04:00  INFO 65269 --- [           main] .s.d.r.c.RepositoryConfigurationDelegate : Bootstrapping Spring Data Redis repositories in DEFAULT mode.
2024-10-16T18:45:48.146-04:00  INFO 65269 --- [           main] .s.d.r.c.RepositoryConfigurationDelegate : Finished Spring Data repository scanning in 20 ms. Found 0 Redis repository interfaces.
2024-10-16T18:45:48.582-04:00  INFO 65269 --- [           main] o.s.cloud.context.scope.GenericScope     : BeanFactory id=a019ad02-3056-3c97-92da-937ec8f952b1
2024-10-16T18:45:50.508-04:00  INFO 65269 --- [           main] o.s.c.g.r.RouteDefinitionRouteLocator    : Loaded RoutePredicateFactory [After]
2024-10-16T18:45:50.508-04:00  INFO 65269 --- [           main] o.s.c.g.r.RouteDefinitionRouteLocator    : Loaded RoutePredicateFactory [Before]
2024-10-16T18:45:50.508-04:00  INFO 65269 --- [           main] o.s.c.g.r.RouteDefinitionRouteLocator    : Loaded RoutePredicateFactory [Between]
2024-10-16T18:45:50.508-04:00  INFO 65269 --- [           main] o.s.c.g.r.RouteDefinitionRouteLocator    : Loaded RoutePredicateFactory [Cookie]
2024-10-16T18:45:50.509-04:00  INFO 65269 --- [           main] o.s.c.g.r.RouteDefinitionRouteLocator    : Loaded RoutePredicateFactory [Header]
2024-10-16T18:45:50.509-04:00  INFO 65269 --- [           main] o.s.c.g.r.RouteDefinitionRouteLocator    : Loaded RoutePredicateFactory [Host]
2024-10-16T18:45:50.509-04:00  INFO 65269 --- [           main] o.s.c.g.r.RouteDefinitionRouteLocator    : Loaded RoutePredicateFactory [Method]
2024-10-16T18:45:50.509-04:00  INFO 65269 --- [           main] o.s.c.g.r.RouteDefinitionRouteLocator    : Loaded RoutePredicateFactory [Path]
2024-10-16T18:45:50.509-04:00  INFO 65269 --- [           main] o.s.c.g.r.RouteDefinitionRouteLocator    : Loaded RoutePredicateFactory [Query]
2024-10-16T18:45:50.509-04:00  INFO 65269 --- [           main] o.s.c.g.r.RouteDefinitionRouteLocator    : Loaded RoutePredicateFactory [ReadBody]
2024-10-16T18:45:50.509-04:00  INFO 65269 --- [           main] o.s.c.g.r.RouteDefinitionRouteLocator    : Loaded RoutePredicateFactory [RemoteAddr]
2024-10-16T18:45:50.509-04:00  INFO 65269 --- [           main] o.s.c.g.r.RouteDefinitionRouteLocator    : Loaded RoutePredicateFactory [XForwardedRemoteAddr]
2024-10-16T18:45:50.509-04:00  INFO 65269 --- [           main] o.s.c.g.r.RouteDefinitionRouteLocator    : Loaded RoutePredicateFactory [Weight]
2024-10-16T18:45:50.509-04:00  INFO 65269 --- [           main] o.s.c.g.r.RouteDefinitionRouteLocator    : Loaded RoutePredicateFactory [CloudFoundryRouteService]
2024-10-16T18:45:50.979-04:00  INFO 65269 --- [           main] o.s.b.web.embedded.netty.NettyWebServer  : Netty started on port 37403
2024-10-16T18:45:51.210-04:00  INFO 65269 --- [           main] c.f.d.a.a.gateway.tests.ApiGatewayTest   : Started ApiGatewayTest in 4.426 seconds (process running for 44.127)
]]></system-out>
  </testcase>
  <testcase name="testObtainAccessToken" classname="com.food.delivery.app.api.gateway.tests.ApiGatewayTest" time="0.741"/>
  <testcase name="testGetProtectedResource" classname="com.food.delivery.app.api.gateway.tests.ApiGatewayTest" time="0.181"/>
</testsuite>