<?xml version="1.0" encoding="UTF-8"?>
<testsuite xmlns:xsi="http://www.w3.org/2001/XMLSchema-instance" xsi:noNamespaceSchemaLocation="https://maven.apache.org/surefire/maven-surefire-plugin/xsd/surefire-test-report-3.0.xsd" version="3.0" name="com.food.delivery.app.api.gateway.tests.ApiGatewayTest" time="64.92" tests="3" errors="0" skipped="0" failures="0">
  <properties>
[...]
</properties>
  <testcase name="testRedirect" classname="com.food.delivery.app.api.gateway.tests.ApiGatewayTest" time="1.504">
    <system-out><![CDATA[18:32:51.480 [main] INFO org.springframework.test.context.support.AnnotationConfigContextLoaderUtils -- Could not detect default configuration classes for test class [com.food.delivery.app.api.gateway.tests.ApiGatewayTest]: ApiGatewayTest does not declare any static, non-private, non-final, nested classes annotated with @Configuration.
18:32:51.954 [main] INFO org.springframework.boot.test.context.SpringBootTestContextBootstrapper -- Found @SpringBootConfiguration com.food.delivery.app.api.gateway.ApiGatewayApplication for test class com.food.delivery.app.api.gateway.tests.ApiGatewayTest
18:32:52.291 [main] INFO org.testcontainers.images.PullPolicy -- Image pull policy will be performed by: DefaultPullPolicy()
18:32:52.295 [main] INFO org.testcontainers.utility.ImageNameSubstitutor -- Image name substitution will be performed by: DefaultImageNameSubstitutor (composite of 'ConfigurationFileImageNameSubstitutor' and 'PrefixingImageNameSubstitutor')
18:32:52.392 [main] INFO org.testcontainers.DockerClientFactory -- Testcontainers version: 1.20.0
18:32:52.949 [main] INFO org.testcontainers.dockerclient.DockerClientProviderStrategy -- Loaded org.testcontainers.dockerclient.UnixSocketClientProviderStrategy from ~/.testcontainers.properties, will try it first
18:32:53.728 [main] INFO org.testcontainers.dockerclient.DockerClientProviderStrategy -- Found Docker environment with local Unix socket (unix:///var/run/docker.sock)
18:32:53.731 [main] INFO org.testcontainers.DockerClientFactory -- Docker host IP address is localhost
18:32:53.786 [main] INFO org.testcontainers.DockerClientFactory -- Connected to docker: 
  Server Version: 24.0.7
  API Version: 1.43
  Operating System: Linux Mint 21.2
  Total Memory: 15611 MB
18:32:54.017 [main] INFO tc.testcontainers/ryuk:0.8.1 -- Creating container for image: testcontainers/ryuk:0.8.1
18:32:54.389 [main] INFO tc.testcontainers/ryuk:0.8.1 -- Container testcontainers/ryuk:0.8.1 is starting: 0b7c65dc1b09bc22d0630df269a4deeee5d9fe020fe09d3c11e692913ba8e623
18:32:55.079 [main] INFO tc.testcontainers/ryuk:0.8.1 -- Container testcontainers/ryuk:0.8.1 started in PT1.061799121S
18:32:55.104 [main] INFO org.testcontainers.utility.RyukResourceReaper -- Ryuk started - will monitor and terminate Testcontainers containers on JVM exit
18:32:55.104 [main] INFO org.testcontainers.DockerClientFactory -- Checking the system...
18:32:55.105 [main] INFO org.testcontainers.DockerClientFactory -- ✔︎ Docker server version should be at least 1.6.0
18:32:55.116 [main] INFO tc.quay.io/keycloak/keycloak:26.0 -- Creating container for image: quay.io/keycloak/keycloak:26.0
18:32:55.219 [main] INFO tc.quay.io/keycloak/keycloak:26.0 -- Container quay.io/keycloak/keycloak:26.0 is starting: 8cb5bac7876ae553738c42a6cac242842ab7e0b3534508f52aba6845d3dfc759
18:32:55.756 [main] INFO org.testcontainers.containers.wait.strategy.HttpWaitStrategy -- /goofy_buck: Waiting for 120 seconds for URL: http://localhost:32769/health/started (where port 32769 maps to container port 9000)
18:32:55.820 [docker-java-stream--947497907] INFO tc.quay.io/keycloak/keycloak:26.0 -- STDOUT: JAVA_OPTS_KC_HEAP already set in environment; overriding default settings
18:32:58.887 [docker-java-stream--947497907] INFO tc.quay.io/keycloak/keycloak:26.0 -- STDOUT: Updating the configuration and installing your custom providers, if any. Please wait.
18:33:08.023 [docker-java-stream--947497907] INFO tc.quay.io/keycloak/keycloak:26.0 -- STDOUT: 2024-11-06 23:32:58,884 WARN  [org.key.qua.run.cli.Picocli] (main) The following run time options were found, but will be ignored during build time: kc.spi-theme-static-max-age, kc.spi-theme-cache-templates, kc.spi-theme-cache-themes
18:33:08.023 [docker-java-stream--947497907] INFO tc.quay.io/keycloak/keycloak:26.0 -- STDOUT: 
18:33:19.511 [docker-java-stream--947497907] INFO tc.quay.io/keycloak/keycloak:26.0 -- STDOUT: 2024-11-06 23:33:19,509 INFO  [io.qua.dep.QuarkusAugmentor] (main) Quarkus augmentation completed in 18313ms
18:33:26.884 [docker-java-stream--947497907] INFO tc.quay.io/keycloak/keycloak:26.0 -- STDOUT: 2024-11-06 23:33:21,791 WARN  [org.keycloak.quarkus.runtime.cli.Picocli] (main) The following run time options were found, but will be ignored during build time: kc.spi-theme-static-max-age, kc.spi-theme-cache-templates, kc.spi-theme-cache-themes
18:33:26.884 [docker-java-stream--947497907] INFO tc.quay.io/keycloak/keycloak:26.0 -- STDOUT: 
18:33:26.930 [docker-java-stream--947497907] INFO tc.quay.io/keycloak/keycloak:26.0 -- STDOUT: 2024-11-06 23:33:26,929 INFO  [org.keycloak.quarkus.runtime.storage.infinispan.CacheManagerFactory] (main) Starting Infinispan embedded cache manager
18:33:27.153 [docker-java-stream--947497907] INFO tc.quay.io/keycloak/keycloak:26.0 -- STDOUT: 2024-11-06 23:33:27,151 INFO  [org.keycloak.quarkus.runtime.storage.infinispan.CacheManagerFactory] (main) Persistent user sessions enabled and no memory limit found in configuration. Setting max entries for sessions to 10000 entries.
18:33:27.154 [docker-java-stream--947497907] INFO tc.quay.io/keycloak/keycloak:26.0 -- STDOUT: 2024-11-06 23:33:27,152 INFO  [org.keycloak.quarkus.runtime.storage.infinispan.CacheManagerFactory] (main) Persistent user sessions enabled and no memory limit found in configuration. Setting max entries for clientSessions to 10000 entries.
18:33:27.155 [docker-java-stream--947497907] INFO tc.quay.io/keycloak/keycloak:26.0 -- STDOUT: 2024-11-06 23:33:27,152 INFO  [org.keycloak.quarkus.runtime.storage.infinispan.CacheManagerFactory] (main) Persistent user sessions enabled and no memory limit found in configuration. Setting max entries for offlineSessions to 10000 entries.
18:33:27.155 [docker-java-stream--947497907] INFO tc.quay.io/keycloak/keycloak:26.0 -- STDOUT: 2024-11-06 23:33:27,152 INFO  [org.keycloak.quarkus.runtime.storage.infinispan.CacheManagerFactory] (main) Persistent user sessions enabled and no memory limit found in configuration. Setting max entries for offlineClientSessions to 10000 entries.
18:33:27.812 [docker-java-stream--947497907] INFO tc.quay.io/keycloak/keycloak:26.0 -- STDOUT: 2024-11-06 23:33:27,809 INFO  [org.infinispan.CONTAINER] (ForkJoinPool.commonPool-worker-1) ISPN000556: Starting user marshaller 'org.infinispan.commons.marshall.ImmutableProtoStreamMarshaller'
18:33:29.196 [docker-java-stream--947497907] INFO tc.quay.io/keycloak/keycloak:26.0 -- STDOUT: 2024-11-06 23:33:29,195 INFO  [org.keycloak.connections.infinispan.DefaultInfinispanConnectionProviderFactory] (main) Node name: node_505543, Site name: null
18:33:30.828 [docker-java-stream--947497907] INFO tc.quay.io/keycloak/keycloak:26.0 -- STDOUT: 2024-11-06 23:33:30,826 INFO  [org.keycloak.quarkus.runtime.storage.database.liquibase.QuarkusJpaUpdaterProvider] (main) Initializing database schema. Using changelog META-INF/jpa-changelog-master.xml
18:33:35.516 [docker-java-stream--947497907] INFO tc.quay.io/keycloak/keycloak:26.0 -- STDOUT: 
18:33:35.517 [docker-java-stream--947497907] INFO tc.quay.io/keycloak/keycloak:26.0 -- STDOUT: UPDATE SUMMARY
18:33:35.518 [docker-java-stream--947497907] INFO tc.quay.io/keycloak/keycloak:26.0 -- STDOUT: Run:                        144
18:33:35.519 [docker-java-stream--947497907] INFO tc.quay.io/keycloak/keycloak:26.0 -- STDOUT: Previously run:               0
18:33:35.519 [docker-java-stream--947497907] INFO tc.quay.io/keycloak/keycloak:26.0 -- STDOUT: Filtered out:                 0
18:33:35.521 [docker-java-stream--947497907] INFO tc.quay.io/keycloak/keycloak:26.0 -- STDOUT: -------------------------------
18:33:35.522 [docker-java-stream--947497907] INFO tc.quay.io/keycloak/keycloak:26.0 -- STDOUT: Total change sets:          144
18:33:35.523 [docker-java-stream--947497907] INFO tc.quay.io/keycloak/keycloak:26.0 -- STDOUT: 
18:33:35.536 [docker-java-stream--947497907] INFO tc.quay.io/keycloak/keycloak:26.0 -- STDOUT: 2024-11-06 23:33:35,534 WARN  [io.agroal.pool] (main) Datasource '<default>': JDBC resources leaked: 1 ResultSet(s) and 0 Statement(s)
18:33:36.250 [docker-java-stream--947497907] INFO tc.quay.io/keycloak/keycloak:26.0 -- STDOUT: 2024-11-06 23:33:36,249 INFO  [org.keycloak.broker.provider.AbstractIdentityProviderMapper] (main) Registering class org.keycloak.broker.provider.mappersync.ConfigSyncEventListener
18:33:36.561 [docker-java-stream--947497907] INFO tc.quay.io/keycloak/keycloak:26.0 -- STDOUT: 2024-11-06 23:33:36,560 INFO  [org.keycloak.exportimport.dir.DirImportProvider] (main) Importing from directory /opt/keycloak/bin/../data/import
18:33:36.568 [docker-java-stream--947497907] INFO tc.quay.io/keycloak/keycloak:26.0 -- STDOUT: 2024-11-06 23:33:36,567 INFO  [org.keycloak.services] (main) KC-SERVICES0050: Initializing master realm
18:33:38.991 [docker-java-stream--947497907] INFO tc.quay.io/keycloak/keycloak:26.0 -- STDOUT: 2024-11-06 23:33:38,990 INFO  [org.keycloak.exportimport.singlefile.SingleFileImportProvider] (main) Full importing from file /opt/keycloak/bin/../data/import/realm-export.json
18:33:43.314 [docker-java-stream--947497907] INFO tc.quay.io/keycloak/keycloak:26.0 -- STDOUT: 2024-11-06 23:33:43,313 INFO  [org.keycloak.exportimport.util.ImportUtils] (main) Realm 'food-delivery-app' imported
18:33:43.315 [docker-java-stream--947497907] INFO tc.quay.io/keycloak/keycloak:26.0 -- STDOUT: 2024-11-06 23:33:43,314 INFO  [org.keycloak.services] (main) KC-SERVICES0030: Full model import requested. Strategy: OVERWRITE_EXISTING
18:33:43.315 [docker-java-stream--947497907] INFO tc.quay.io/keycloak/keycloak:26.0 -- STDOUT: 2024-11-06 23:33:43,314 INFO  [org.keycloak.services] (main) KC-SERVICES0032: Import finished successfully
18:33:43.415 [docker-java-stream--947497907] INFO tc.quay.io/keycloak/keycloak:26.0 -- STDOUT: 2024-11-06 23:33:43,414 INFO  [org.keycloak.services] (main) KC-SERVICES0077: Created temporary admin user with username admin
18:33:43.478 [docker-java-stream--947497907] INFO tc.quay.io/keycloak/keycloak:26.0 -- STDOUT: 2024-11-06 23:33:43,477 WARN  [io.agroal.pool] (main) Datasource '<default>': JDBC resources leaked: 1 ResultSet(s) and 0 Statement(s)
18:33:43.637 [docker-java-stream--947497907] INFO tc.quay.io/keycloak/keycloak:26.0 -- STDOUT: 2024-11-06 23:33:43,635 INFO  [io.quarkus] (main) Keycloak 26.0.0 on JVM (powered by Quarkus 3.15.1) started in 23.801s. Listening on: http://0.0.0.0:8080. Management interface listening on http://0.0.0.0:9000.
18:33:43.637 [docker-java-stream--947497907] INFO tc.quay.io/keycloak/keycloak:26.0 -- STDOUT: 2024-11-06 23:33:43,636 INFO  [io.quarkus] (main) Profile dev activated. 
18:33:43.637 [docker-java-stream--947497907] INFO tc.quay.io/keycloak/keycloak:26.0 -- STDOUT: 2024-11-06 23:33:43,636 INFO  [io.quarkus] (main) Installed features: [agroal, cdi, hibernate-orm, jdbc-h2, keycloak, narayana-jta, opentelemetry, reactive-routes, rest, rest-jackson, smallrye-context-propagation, smallrye-health, vertx]
18:33:43.644 [docker-java-stream--947497907] INFO tc.quay.io/keycloak/keycloak:26.0 -- STDOUT: 2024-11-06 23:33:43,643 WARN  [org.keycloak.quarkus.runtime.KeycloakMain] (main) Running the server in development mode. DO NOT use this configuration in production.
18:33:44.202 [main] INFO tc.quay.io/keycloak/keycloak:26.0 -- Container quay.io/keycloak/keycloak:26.0 started in PT49.086586409S
18:33:44.214 [main] INFO tc.redis:latest -- Creating container for image: redis:latest
18:33:44.312 [main] INFO tc.redis:latest -- Container redis:latest is starting: 3774355bf79edd5d381e9cbc76574dd185b2c7866556a623be8115df9d0f199e
18:33:44.711 [main] INFO tc.redis:latest -- Container redis:latest started in PT0.497029468S

  .   ____          _            __ _ _
 /\\ / ___'_ __ _ _(_)_ __  __ _ \ \ \ \
( ( )\___ | '_ | '_| | '_ \/ _` | \ \ \ \
 \\/  ___)| |_)| | | | | || (_| |  ) ) ) )
  '  |____| .__|_| |_|_| |_\__, | / / / /
 =========|_|==============|___/=/_/_/_/
 :: Spring Boot ::                (v3.2.5)

2024-11-06T18:33:45.321-05:00  INFO 85739 --- [food-delivery-app-api-gateway] [           main] c.f.d.a.a.gateway.tests.ApiGatewayTest   : Starting ApiGatewayTest using Java 17.0.9 with PID 85739 (started by mustardpenguin in /home/mustardpenguin/repos/food-delivery-app/food-delivery-app-backend/java/api-gateway)
2024-11-06T18:33:45.326-05:00  INFO 85739 --- [food-delivery-app-api-gateway] [           main] c.f.d.a.a.gateway.tests.ApiGatewayTest   : No active profile set, falling back to 1 default profile: "default"
2024-11-06T18:33:47.395-05:00  INFO 85739 --- [food-delivery-app-api-gateway] [           main] .s.d.r.c.RepositoryConfigurationDelegate : Multiple Spring Data modules found, entering strict repository configuration mode
2024-11-06T18:33:47.400-05:00  INFO 85739 --- [food-delivery-app-api-gateway] [           main] .s.d.r.c.RepositoryConfigurationDelegate : Bootstrapping Spring Data Redis repositories in DEFAULT mode.
2024-11-06T18:33:47.449-05:00  INFO 85739 --- [food-delivery-app-api-gateway] [           main] .s.d.r.c.RepositoryConfigurationDelegate : Finished Spring Data repository scanning in 18 ms. Found 0 Redis repository interfaces.
2024-11-06T18:33:48.091-05:00  INFO 85739 --- [food-delivery-app-api-gateway] [           main] o.s.cloud.context.scope.GenericScope     : BeanFactory id=c8ddbf0f-d9c2-34a2-8a8f-ea7c2216c7cb
2024-11-06T18:33:51.575-05:00  INFO 85739 --- [food-delivery-app-api-gateway] [           main] o.s.c.g.r.RouteDefinitionRouteLocator    : Loaded RoutePredicateFactory [After]
2024-11-06T18:33:51.576-05:00  INFO 85739 --- [food-delivery-app-api-gateway] [           main] o.s.c.g.r.RouteDefinitionRouteLocator    : Loaded RoutePredicateFactory [Before]
2024-11-06T18:33:51.576-05:00  INFO 85739 --- [food-delivery-app-api-gateway] [           main] o.s.c.g.r.RouteDefinitionRouteLocator    : Loaded RoutePredicateFactory [Between]
2024-11-06T18:33:51.576-05:00  INFO 85739 --- [food-delivery-app-api-gateway] [           main] o.s.c.g.r.RouteDefinitionRouteLocator    : Loaded RoutePredicateFactory [Cookie]
2024-11-06T18:33:51.576-05:00  INFO 85739 --- [food-delivery-app-api-gateway] [           main] o.s.c.g.r.RouteDefinitionRouteLocator    : Loaded RoutePredicateFactory [Header]
2024-11-06T18:33:51.576-05:00  INFO 85739 --- [food-delivery-app-api-gateway] [           main] o.s.c.g.r.RouteDefinitionRouteLocator    : Loaded RoutePredicateFactory [Host]
2024-11-06T18:33:51.576-05:00  INFO 85739 --- [food-delivery-app-api-gateway] [           main] o.s.c.g.r.RouteDefinitionRouteLocator    : Loaded RoutePredicateFactory [Method]
2024-11-06T18:33:51.577-05:00  INFO 85739 --- [food-delivery-app-api-gateway] [           main] o.s.c.g.r.RouteDefinitionRouteLocator    : Loaded RoutePredicateFactory [Path]
2024-11-06T18:33:51.577-05:00  INFO 85739 --- [food-delivery-app-api-gateway] [           main] o.s.c.g.r.RouteDefinitionRouteLocator    : Loaded RoutePredicateFactory [Query]
2024-11-06T18:33:51.577-05:00  INFO 85739 --- [food-delivery-app-api-gateway] [           main] o.s.c.g.r.RouteDefinitionRouteLocator    : Loaded RoutePredicateFactory [ReadBody]
2024-11-06T18:33:51.577-05:00  INFO 85739 --- [food-delivery-app-api-gateway] [           main] o.s.c.g.r.RouteDefinitionRouteLocator    : Loaded RoutePredicateFactory [RemoteAddr]
2024-11-06T18:33:51.577-05:00  INFO 85739 --- [food-delivery-app-api-gateway] [           main] o.s.c.g.r.RouteDefinitionRouteLocator    : Loaded RoutePredicateFactory [XForwardedRemoteAddr]
2024-11-06T18:33:51.577-05:00  INFO 85739 --- [food-delivery-app-api-gateway] [           main] o.s.c.g.r.RouteDefinitionRouteLocator    : Loaded RoutePredicateFactory [Weight]
2024-11-06T18:33:51.577-05:00  INFO 85739 --- [food-delivery-app-api-gateway] [           main] o.s.c.g.r.RouteDefinitionRouteLocator    : Loaded RoutePredicateFactory [CloudFoundryRouteService]
2024-11-06T18:33:52.138-05:00  INFO 85739 --- [food-delivery-app-api-gateway] [           main] o.s.b.a.e.web.EndpointLinksResolver      : Exposing 27 endpoint(s) beneath base path '/actuator'
2024-11-06T18:33:52.642-05:00  INFO 85739 --- [food-delivery-app-api-gateway] [           main] o.s.b.web.embedded.netty.NettyWebServer  : Netty started on port 35679
2024-11-06T18:33:52.811-05:00  INFO 85739 --- [food-delivery-app-api-gateway] [           main] c.f.d.a.a.gateway.tests.ApiGatewayTest   : Started ApiGatewayTest in 8.042 seconds (process running for 63.488)
]]></system-out>
  </testcase>
  <testcase name="testObtainAccessToken" classname="com.food.delivery.app.api.gateway.tests.ApiGatewayTest" time="0.595"/>
  <testcase name="testGetProtectedResource" classname="com.food.delivery.app.api.gateway.tests.ApiGatewayTest" time="0.183"/>
</testsuite>