<?xml version="1.0" encoding="UTF-8"?>
<testsuite xmlns:xsi="http://www.w3.org/2001/XMLSchema-instance" xsi:noNamespaceSchemaLocation="https://maven.apache.org/surefire/maven-surefire-plugin/xsd/surefire-test-report-3.0.xsd" version="3.0" name="com.food.delivery.app.restaurant.service.create_product.v1.CreateProductTest" time="3.308" tests="1" errors="0" skipped="0" failures="0">
  <properties>
[...]
</properties>
  <testcase name="testCreateProduct" classname="com.food.delivery.app.restaurant.service.create_product.v1.CreateProductTest" time="0.083">
    <system-out><![CDATA[2024-10-14T21:07:27.696-04:00  INFO 41576 --- [           main] t.c.s.AnnotationConfigContextLoaderUtils : Could not detect default configuration classes for test class [com.food.delivery.app.restaurant.service.create_product.v1.CreateProductTest]: CreateProductTest does not declare any static, non-private, non-final, nested classes annotated with @Configuration.
2024-10-14T21:07:27.739-04:00  INFO 41576 --- [           main] .b.t.c.SpringBootTestContextBootstrapper : Found @SpringBootConfiguration com.food.delivery.app.restaurant.service.RestaurantServiceApplication for test class com.food.delivery.app.restaurant.service.create_product.v1.CreateProductTest
2024-10-14T21:07:27.749-04:00  INFO 41576 --- [           main] tc.postgres:latest                       : Creating container for image: postgres:latest
2024-10-14T21:07:27.751-04:00  WARN 41576 --- [           main] tc.postgres:latest                       : Reuse was requested but the environment does not support the reuse of containers
To enable reuse of containers, you must set 'testcontainers.reuse.enable=true' in a file located at /home/mustardpenguin/.testcontainers.properties
2024-10-14T21:07:27.801-04:00  INFO 41576 --- [           main] tc.postgres:latest                       : Container postgres:latest is starting: 84624d1fa4e690e98237ebf3235f8170b84cba54ffe591f3089ccf420b88df81
2024-10-14T21:07:29.534-04:00  INFO 41576 --- [           main] tc.postgres:latest                       : Container postgres:latest started in PT1.784964757S
2024-10-14T21:07:29.535-04:00  INFO 41576 --- [           main] tc.postgres:latest                       : Container is started (JDBC URL: jdbc:postgresql://localhost:32833/test?stringtype=unspecified&loggerLevel=OFF&currentSchema=restaurant)
2024-10-14T21:07:29.536-04:00  INFO 41576 --- [           main] org.testcontainers.ext.ScriptUtils       : Executing database script from init-schema.sql
2024-10-14T21:07:29.592-04:00  INFO 41576 --- [           main] org.testcontainers.ext.ScriptUtils       : Executed database script from init-schema.sql in 56 ms.

  .   ____          _            __ _ _
 /\\ / ___'_ __ _ _(_)_ __  __ _ \ \ \ \
( ( )\___ | '_ | '_| | '_ \/ _` | \ \ \ \
 \\/  ___)| |_)| | | | | || (_| |  ) ) ) )
  '  |____| .__|_| |_|_| |_\__, | / / / /
 =========|_|==============|___/=/_/_/_/
 :: Spring Boot ::                (v3.1.5)

2024-10-14T21:07:29.633-04:00  INFO 41576 --- [           main] c.f.d.a.r.s.c.v1.CreateProductTest       : Starting CreateProductTest using Java 17.0.9 with PID 41576 (started by mustardpenguin in /home/mustardpenguin/repos/food-delivery-app/food-delivery-app-backend/restaurant-service)
2024-10-14T21:07:29.634-04:00  INFO 41576 --- [           main] c.f.d.a.r.s.c.v1.CreateProductTest       : No active profile set, falling back to 1 default profile: "default"
2024-10-14T21:07:29.842-04:00  INFO 41576 --- [           main] .s.d.r.c.RepositoryConfigurationDelegate : Bootstrapping Spring Data JPA repositories in DEFAULT mode.
2024-10-14T21:07:29.854-04:00  INFO 41576 --- [           main] .s.d.r.c.RepositoryConfigurationDelegate : Finished Spring Data repository scanning in 11 ms. Found 2 JPA repository interfaces.
2024-10-14T21:07:29.984-04:00  INFO 41576 --- [           main] o.s.b.w.embedded.tomcat.TomcatWebServer  : Tomcat initialized with port(s): 0 (http)
2024-10-14T21:07:29.985-04:00  INFO 41576 --- [           main] o.apache.catalina.core.StandardService   : Starting service [Tomcat]
2024-10-14T21:07:29.985-04:00  INFO 41576 --- [           main] o.apache.catalina.core.StandardEngine    : Starting Servlet engine: [Apache Tomcat/10.1.15]
2024-10-14T21:07:29.999-04:00  INFO 41576 --- [           main] o.a.c.c.C.[Tomcat].[localhost].[/]       : Initializing Spring embedded WebApplicationContext
2024-10-14T21:07:29.999-04:00  INFO 41576 --- [           main] w.s.c.ServletWebServerApplicationContext : Root WebApplicationContext: initialization completed in 363 ms
2024-10-14T21:07:30.051-04:00  INFO 41576 --- [           main] com.zaxxer.hikari.HikariDataSource       : HikariPool-2 - Starting...
2024-10-14T21:07:30.069-04:00  INFO 41576 --- [           main] com.zaxxer.hikari.pool.HikariPool        : HikariPool-2 - Added connection org.postgresql.jdbc.PgConnection@26b6454d
2024-10-14T21:07:30.070-04:00  INFO 41576 --- [           main] com.zaxxer.hikari.HikariDataSource       : HikariPool-2 - Start completed.
2024-10-14T21:07:30.103-04:00  INFO 41576 --- [           main] o.hibernate.jpa.internal.util.LogHelper  : HHH000204: Processing PersistenceUnitInfo [name: default]
2024-10-14T21:07:30.109-04:00  INFO 41576 --- [           main] o.s.o.j.p.SpringPersistenceUnitInfo      : No LoadTimeWeaver setup: ignoring JPA class transformer
2024-10-14T21:07:30.186-04:00  INFO 41576 --- [           main] o.h.e.t.j.p.i.JtaPlatformInitiator       : HHH000489: No JTA platform available (set 'hibernate.transaction.jta.platform' to enable JTA platform integration)
2024-10-14T21:07:30.186-04:00  INFO 41576 --- [           main] j.LocalContainerEntityManagerFactoryBean : Initialized JPA EntityManagerFactory for persistence unit 'default'
2024-10-14T21:07:30.387-04:00  INFO 41576 --- [           main] o.s.s.web.DefaultSecurityFilterChain     : Will secure any request with [org.springframework.security.web.session.DisableEncodeUrlFilter@596c6c3e, org.springframework.security.web.context.request.async.WebAsyncManagerIntegrationFilter@541c7857, org.springframework.security.web.context.SecurityContextHolderFilter@731ccdfc, org.springframework.security.web.header.HeaderWriterFilter@4589bc66, org.springframework.security.web.authentication.logout.LogoutFilter@4b68d2a6, org.springframework.security.web.savedrequest.RequestCacheAwareFilter@734fcb45, org.springframework.security.web.servletapi.SecurityContextHolderAwareRequestFilter@566c6b91, org.springframework.security.web.authentication.AnonymousAuthenticationFilter@13c02cec, org.springframework.security.web.access.ExceptionTranslationFilter@11869005, org.springframework.security.web.access.intercept.AuthorizationFilter@7375e6c1]
2024-10-14T21:07:30.543-04:00  INFO 41576 --- [           main] o.s.b.w.embedded.tomcat.TomcatWebServer  : Tomcat started on port(s): 44815 (http) with context path ''
2024-10-14T21:07:30.549-04:00  INFO 41576 --- [           main] c.f.d.a.r.s.c.v1.CreateProductTest       : Started CreateProductTest in 0.95 seconds (process running for 14.927)
2024-10-14T21:07:30.584-04:00  INFO 41576 --- [o-auto-2-exec-1] o.a.c.c.C.[Tomcat].[localhost].[/]       : Initializing Spring DispatcherServlet 'dispatcherServlet'
2024-10-14T21:07:30.585-04:00  INFO 41576 --- [o-auto-2-exec-1] o.s.web.servlet.DispatcherServlet        : Initializing Servlet 'dispatcherServlet'
2024-10-14T21:07:30.586-04:00  INFO 41576 --- [o-auto-2-exec-1] o.s.web.servlet.DispatcherServlet        : Completed initialization in 1 ms
]]></system-out>
  </testcase>
</testsuite>