<?xml version="1.0" encoding="UTF-8"?>
<testsuite xmlns:xsi="http://www.w3.org/2001/XMLSchema-instance" xsi:noNamespaceSchemaLocation="https://maven.apache.org/surefire/maven-surefire-plugin/xsd/surefire-test-report-3.0.xsd" version="3.0" name="com.food.delivery.app.order.command.create_order.v1.CreateOrderTest" time="11.815" tests="1" errors="0" skipped="0" failures="0">
  <properties>
[...]
</properties>
  <testcase name="testValidations" classname="com.food.delivery.app.order.command.create_order.v1.CreateOrderTest" time="0.688">
    <system-out><![CDATA[18:46:00.480 [main] INFO org.springframework.test.context.support.AnnotationConfigContextLoaderUtils -- Could not detect default configuration classes for test class [com.food.delivery.app.order.command.create_order.v1.CreateOrderTest]: CreateOrderTest does not declare any static, non-private, non-final, nested classes annotated with @Configuration.
18:46:00.613 [main] INFO org.springframework.boot.test.context.SpringBootTestContextBootstrapper -- Found @SpringBootConfiguration com.food.delivery.app.order.command.OrderCommandApplication for test class com.food.delivery.app.order.command.create_order.v1.CreateOrderTest
18:46:00.751 [main] INFO org.testcontainers.images.PullPolicy -- Image pull policy will be performed by: DefaultPullPolicy()
18:46:00.755 [main] INFO org.testcontainers.utility.ImageNameSubstitutor -- Image name substitution will be performed by: DefaultImageNameSubstitutor (composite of 'ConfigurationFileImageNameSubstitutor' and 'PrefixingImageNameSubstitutor')
18:46:00.780 [main] INFO org.testcontainers.DockerClientFactory -- Testcontainers version: 1.20.0
18:46:01.024 [main] INFO org.testcontainers.dockerclient.DockerClientProviderStrategy -- Loaded org.testcontainers.dockerclient.UnixSocketClientProviderStrategy from ~/.testcontainers.properties, will try it first
18:46:01.263 [main] INFO org.testcontainers.dockerclient.DockerClientProviderStrategy -- Found Docker environment with local Unix socket (unix:///var/run/docker.sock)
18:46:01.265 [main] INFO org.testcontainers.DockerClientFactory -- Docker host IP address is localhost
18:46:01.306 [main] INFO org.testcontainers.DockerClientFactory -- Connected to docker: 
  Server Version: 24.0.7
  API Version: 1.43
  Operating System: Linux Mint 21.2
  Total Memory: 15611 MB
18:46:01.460 [main] INFO tc.testcontainers/ryuk:0.8.1 -- Creating container for image: testcontainers/ryuk:0.8.1
18:46:01.635 [main] INFO tc.testcontainers/ryuk:0.8.1 -- Container testcontainers/ryuk:0.8.1 is starting: 05f3ff2ee93c8802f615cb3f76aed534a518cfaed85d5d4ab9b2c5d565f0a813
18:46:02.006 [main] INFO tc.testcontainers/ryuk:0.8.1 -- Container testcontainers/ryuk:0.8.1 started in PT0.545942431S
18:46:02.024 [main] INFO org.testcontainers.utility.RyukResourceReaper -- Ryuk started - will monitor and terminate Testcontainers containers on JVM exit
18:46:02.025 [main] INFO org.testcontainers.DockerClientFactory -- Checking the system...
18:46:02.025 [main] INFO org.testcontainers.DockerClientFactory -- ✔︎ Docker server version should be at least 1.6.0
18:46:02.027 [main] INFO tc.postgres:latest -- Creating container for image: postgres:latest
18:46:02.029 [main] WARN tc.postgres:latest -- Reuse was requested but the environment does not support the reuse of containers
To enable reuse of containers, you must set 'testcontainers.reuse.enable=true' in a file located at /home/mustardpenguin/.testcontainers.properties
18:46:02.079 [main] INFO tc.postgres:latest -- Container postgres:latest is starting: 45c6fef5a4cdb19cbe6ccfc70139397e993d9e038e4e9e80355f0d2dc9a069db
18:46:04.057 [main] INFO tc.postgres:latest -- Container postgres:latest started in PT2.029622582S
18:46:04.058 [main] INFO tc.postgres:latest -- Container is started (JDBC URL: jdbc:postgresql://localhost:32845/test?stringtype=unspecified&loggerLevel=OFF&currentSchema=order-command)
18:46:04.073 [main] INFO org.testcontainers.ext.ScriptUtils -- Executing database script from init-schema.sql
18:46:04.366 [main] INFO org.testcontainers.ext.ScriptUtils -- Executed database script from init-schema.sql in 292 ms.

  .   ____          _            __ _ _
 /\\ / ___'_ __ _ _(_)_ __  __ _ \ \ \ \
( ( )\___ | '_ | '_| | '_ \/ _` | \ \ \ \
 \\/  ___)| |_)| | | | | || (_| |  ) ) ) )
  '  |____| .__|_| |_|_| |_\__, | / / / /
 =========|_|==============|___/=/_/_/_/
 :: Spring Boot ::                (v3.1.5)

2024-10-16T18:46:04.923-04:00  INFO 66192 --- [           main] c.f.d.a.o.c.c.v1.CreateOrderTest         : Starting CreateOrderTest using Java 17.0.9 with PID 66192 (started by mustardpenguin in /home/mustardpenguin/repos/food-delivery-app/food-delivery-app-backend/order-service/order-command)
2024-10-16T18:46:04.925-04:00  INFO 66192 --- [           main] c.f.d.a.o.c.c.v1.CreateOrderTest         : No active profile set, falling back to 1 default profile: "default"
2024-10-16T18:46:06.271-04:00  INFO 66192 --- [           main] .s.d.r.c.RepositoryConfigurationDelegate : Bootstrapping Spring Data JPA repositories in DEFAULT mode.
2024-10-16T18:46:06.349-04:00  INFO 66192 --- [           main] .s.d.r.c.RepositoryConfigurationDelegate : Finished Spring Data repository scanning in 70 ms. Found 2 JPA repository interfaces.
2024-10-16T18:46:06.695-04:00  INFO 66192 --- [           main] o.s.cloud.context.scope.GenericScope     : BeanFactory id=ab9eb735-f8a7-3e90-a04e-ec425d1a791b
2024-10-16T18:46:06.863-04:00  INFO 66192 --- [           main] trationDelegate$BeanPostProcessorChecker : Bean 'com.food.delivery.app.order.command.shared.util.FeignClient' of type [org.springframework.cloud.openfeign.FeignClientFactoryBean] is not eligible for getting processed by all BeanPostProcessors (for example: not eligible for auto-proxying)
2024-10-16T18:46:07.108-04:00  INFO 66192 --- [           main] com.zaxxer.hikari.HikariDataSource       : HikariPool-1 - Starting...
2024-10-16T18:46:07.162-04:00  INFO 66192 --- [           main] com.zaxxer.hikari.pool.HikariPool        : HikariPool-1 - Added connection org.postgresql.jdbc.PgConnection@3e4f2300
2024-10-16T18:46:07.164-04:00  INFO 66192 --- [           main] com.zaxxer.hikari.HikariDataSource       : HikariPool-1 - Start completed.
2024-10-16T18:46:07.352-04:00  INFO 66192 --- [           main] o.hibernate.jpa.internal.util.LogHelper  : HHH000204: Processing PersistenceUnitInfo [name: default]
2024-10-16T18:46:07.405-04:00  INFO 66192 --- [           main] org.hibernate.Version                    : HHH000412: Hibernate ORM core version 6.2.13.Final
2024-10-16T18:46:07.407-04:00  INFO 66192 --- [           main] org.hibernate.cfg.Environment            : HHH000406: Using bytecode reflection optimizer
2024-10-16T18:46:07.720-04:00  INFO 66192 --- [           main] o.s.o.j.p.SpringPersistenceUnitInfo      : No LoadTimeWeaver setup: ignoring JPA class transformer
2024-10-16T18:46:08.931-04:00  INFO 66192 --- [           main] o.h.e.t.j.p.i.JtaPlatformInitiator       : HHH000489: No JTA platform available (set 'hibernate.transaction.jta.platform' to enable JTA platform integration)
2024-10-16T18:46:08.935-04:00  INFO 66192 --- [           main] j.LocalContainerEntityManagerFactoryBean : Initialized JPA EntityManagerFactory for persistence unit 'default'
2024-10-16T18:46:09.753-04:00  INFO 66192 --- [           main] o.s.s.web.DefaultSecurityFilterChain     : Will secure any request with [org.springframework.security.web.session.DisableEncodeUrlFilter@10f64bc3, org.springframework.security.web.context.request.async.WebAsyncManagerIntegrationFilter@3c9cab4, org.springframework.security.web.context.SecurityContextHolderFilter@2746bc43, org.springframework.security.web.header.HeaderWriterFilter@9670873, org.springframework.security.web.authentication.logout.LogoutFilter@2e0d6270, org.springframework.security.oauth2.server.resource.web.authentication.BearerTokenAuthenticationFilter@10c11e36, org.springframework.security.web.savedrequest.RequestCacheAwareFilter@783a35d8, org.springframework.security.web.servletapi.SecurityContextHolderAwareRequestFilter@db610c3, org.springframework.security.web.authentication.AnonymousAuthenticationFilter@1be15455, org.springframework.security.web.access.ExceptionTranslationFilter@7be2f512, org.springframework.security.web.access.intercept.AuthorizationFilter@5b256ab5]
2024-10-16T18:46:10.746-04:00  INFO 66192 --- [           main] o.s.b.a.e.web.EndpointLinksResolver      : Exposing 1 endpoint(s) beneath base path '/actuator'
2024-10-16T18:46:10.866-04:00  INFO 66192 --- [           main] c.f.d.a.o.c.c.v1.CreateOrderTest         : Started CreateOrderTest in 6.458 seconds (process running for 11.215)
]]></system-out>
  </testcase>
</testsuite>