<?xml version="1.0" encoding="UTF-8"?>
<testsuite xmlns:xsi="http://www.w3.org/2001/XMLSchema-instance" xsi:noNamespaceSchemaLocation="https://maven.apache.org/surefire/maven-surefire-plugin/xsd/surefire-test-report-3.0.xsd" version="3.0" name="com.food.delivery.app.order.command.create_order.v1.CreateOrderTest" time="9.733" tests="1" errors="0" skipped="0" failures="0">
  <properties>
[...]
</properties>
  <testcase name="testValidations" classname="com.food.delivery.app.order.command.create_order.v1.CreateOrderTest" time="0.603">
    <system-out><![CDATA[15:17:36.387 [main] INFO org.springframework.test.context.support.AnnotationConfigContextLoaderUtils -- Could not detect default configuration classes for test class [com.food.delivery.app.order.command.create_order.v1.CreateOrderTest]: CreateOrderTest does not declare any static, non-private, non-final, nested classes annotated with @Configuration.
15:17:36.488 [main] INFO org.springframework.boot.test.context.SpringBootTestContextBootstrapper -- Found @SpringBootConfiguration com.food.delivery.app.order.command.OrderCommandApplication for test class com.food.delivery.app.order.command.create_order.v1.CreateOrderTest
15:17:36.615 [main] INFO org.testcontainers.images.PullPolicy -- Image pull policy will be performed by: DefaultPullPolicy()
15:17:36.622 [main] INFO org.testcontainers.utility.ImageNameSubstitutor -- Image name substitution will be performed by: DefaultImageNameSubstitutor (composite of 'ConfigurationFileImageNameSubstitutor' and 'PrefixingImageNameSubstitutor')
15:17:36.648 [main] INFO org.testcontainers.DockerClientFactory -- Testcontainers version: 1.20.0
15:17:36.867 [main] INFO org.testcontainers.dockerclient.DockerClientProviderStrategy -- Loaded org.testcontainers.dockerclient.UnixSocketClientProviderStrategy from ~/.testcontainers.properties, will try it first
15:17:37.094 [main] INFO org.testcontainers.dockerclient.DockerClientProviderStrategy -- Found Docker environment with local Unix socket (unix:///var/run/docker.sock)
15:17:37.096 [main] INFO org.testcontainers.DockerClientFactory -- Docker host IP address is localhost
15:17:37.114 [main] INFO org.testcontainers.DockerClientFactory -- Connected to docker: 
  Server Version: 24.0.7
  API Version: 1.43
  Operating System: Linux Mint 21.2
  Total Memory: 15611 MB
15:17:37.235 [main] INFO tc.testcontainers/ryuk:0.8.1 -- Creating container for image: testcontainers/ryuk:0.8.1
15:17:37.383 [main] INFO tc.testcontainers/ryuk:0.8.1 -- Container testcontainers/ryuk:0.8.1 is starting: 1da69aae4b044ace4874f178690031ba6ece7f5c76881104e0fb901b7acb0dd1
15:17:37.741 [main] INFO tc.testcontainers/ryuk:0.8.1 -- Container testcontainers/ryuk:0.8.1 started in PT0.506743374S
15:17:37.758 [main] INFO org.testcontainers.utility.RyukResourceReaper -- Ryuk started - will monitor and terminate Testcontainers containers on JVM exit
15:17:37.759 [main] INFO org.testcontainers.DockerClientFactory -- Checking the system...
15:17:37.760 [main] INFO org.testcontainers.DockerClientFactory -- ✔︎ Docker server version should be at least 1.6.0
15:17:37.761 [main] INFO tc.postgres:latest -- Creating container for image: postgres:latest
15:17:37.767 [main] WARN tc.postgres:latest -- Reuse was requested but the environment does not support the reuse of containers
To enable reuse of containers, you must set 'testcontainers.reuse.enable=true' in a file located at /home/mustardpenguin/.testcontainers.properties
15:17:37.805 [main] INFO tc.postgres:latest -- Container postgres:latest is starting: 3634ea27ee8dde1a7509f87e8e02c886f6da1141548e8df278f5af72ef420c1d
15:17:39.441 [main] INFO tc.postgres:latest -- Container postgres:latest started in PT1.680465034S
15:17:39.442 [main] INFO tc.postgres:latest -- Container is started (JDBC URL: jdbc:postgresql://localhost:32794/test?stringtype=unspecified&loggerLevel=OFF&currentSchema=order-command)
15:17:39.452 [main] INFO org.testcontainers.ext.ScriptUtils -- Executing database script from init-schema.sql
15:17:39.642 [main] INFO org.testcontainers.ext.ScriptUtils -- Executed database script from init-schema.sql in 189 ms.

  .   ____          _            __ _ _
 /\\ / ___'_ __ _ _(_)_ __  __ _ \ \ \ \
( ( )\___ | '_ | '_| | '_ \/ _` | \ \ \ \
 \\/  ___)| |_)| | | | | || (_| |  ) ) ) )
  '  |____| .__|_| |_|_| |_\__, | / / / /
 =========|_|==============|___/=/_/_/_/
 :: Spring Boot ::                (v3.1.5)

2024-10-15T15:17:40.086-04:00  INFO 124462 --- [           main] c.f.d.a.o.c.c.v1.CreateOrderTest         : Starting CreateOrderTest using Java 17.0.9 with PID 124462 (started by mustardpenguin in /home/mustardpenguin/repos/food-delivery-app/food-delivery-app-backend/order-service/order-command)
2024-10-15T15:17:40.088-04:00  INFO 124462 --- [           main] c.f.d.a.o.c.c.v1.CreateOrderTest         : No active profile set, falling back to 1 default profile: "default"
2024-10-15T15:17:41.167-04:00  INFO 124462 --- [           main] .s.d.r.c.RepositoryConfigurationDelegate : Bootstrapping Spring Data JPA repositories in DEFAULT mode.
2024-10-15T15:17:41.225-04:00  INFO 124462 --- [           main] .s.d.r.c.RepositoryConfigurationDelegate : Finished Spring Data repository scanning in 51 ms. Found 2 JPA repository interfaces.
2024-10-15T15:17:41.460-04:00  INFO 124462 --- [           main] o.s.cloud.context.scope.GenericScope     : BeanFactory id=ab9eb735-f8a7-3e90-a04e-ec425d1a791b
2024-10-15T15:17:41.568-04:00  INFO 124462 --- [           main] trationDelegate$BeanPostProcessorChecker : Bean 'com.food.delivery.app.order.command.shared.util.FeignClient' of type [org.springframework.cloud.openfeign.FeignClientFactoryBean] is not eligible for getting processed by all BeanPostProcessors (for example: not eligible for auto-proxying)
2024-10-15T15:17:41.722-04:00  INFO 124462 --- [           main] com.zaxxer.hikari.HikariDataSource       : HikariPool-1 - Starting...
2024-10-15T15:17:41.762-04:00  INFO 124462 --- [           main] com.zaxxer.hikari.pool.HikariPool        : HikariPool-1 - Added connection org.postgresql.jdbc.PgConnection@1da5c19d
2024-10-15T15:17:41.764-04:00  INFO 124462 --- [           main] com.zaxxer.hikari.HikariDataSource       : HikariPool-1 - Start completed.
2024-10-15T15:17:41.908-04:00  INFO 124462 --- [           main] o.hibernate.jpa.internal.util.LogHelper  : HHH000204: Processing PersistenceUnitInfo [name: default]
2024-10-15T15:17:41.968-04:00  INFO 124462 --- [           main] org.hibernate.Version                    : HHH000412: Hibernate ORM core version 6.2.13.Final
2024-10-15T15:17:41.971-04:00  INFO 124462 --- [           main] org.hibernate.cfg.Environment            : HHH000406: Using bytecode reflection optimizer
2024-10-15T15:17:42.247-04:00  INFO 124462 --- [           main] o.s.o.j.p.SpringPersistenceUnitInfo      : No LoadTimeWeaver setup: ignoring JPA class transformer
2024-10-15T15:17:43.258-04:00  INFO 124462 --- [           main] o.h.e.t.j.p.i.JtaPlatformInitiator       : HHH000489: No JTA platform available (set 'hibernate.transaction.jta.platform' to enable JTA platform integration)
2024-10-15T15:17:43.262-04:00  INFO 124462 --- [           main] j.LocalContainerEntityManagerFactoryBean : Initialized JPA EntityManagerFactory for persistence unit 'default'
2024-10-15T15:17:44.012-04:00  INFO 124462 --- [           main] o.s.s.web.DefaultSecurityFilterChain     : Will secure any request with [org.springframework.security.web.session.DisableEncodeUrlFilter@1da53092, org.springframework.security.web.context.request.async.WebAsyncManagerIntegrationFilter@10f64bc3, org.springframework.security.web.context.SecurityContextHolderFilter@35fea0cd, org.springframework.security.web.header.HeaderWriterFilter@63ee2891, org.springframework.security.web.authentication.logout.LogoutFilter@6915b614, org.springframework.security.oauth2.server.resource.web.authentication.BearerTokenAuthenticationFilter@7d29fc6, org.springframework.security.web.savedrequest.RequestCacheAwareFilter@16d31c48, org.springframework.security.web.servletapi.SecurityContextHolderAwareRequestFilter@240b656f, org.springframework.security.web.authentication.AnonymousAuthenticationFilter@3c9cab4, org.springframework.security.web.access.ExceptionTranslationFilter@42626e86, org.springframework.security.web.access.intercept.AuthorizationFilter@63513c1c]
2024-10-15T15:17:44.803-04:00  INFO 124462 --- [           main] o.s.b.a.e.web.EndpointLinksResolver      : Exposing 1 endpoint(s) beneath base path '/actuator'
2024-10-15T15:17:44.912-04:00  INFO 124462 --- [           main] c.f.d.a.o.c.c.v1.CreateOrderTest         : Started CreateOrderTest in 5.237 seconds (process running for 9.303)
]]></system-out>
  </testcase>
</testsuite>